[    3429ms] [LOG] [PresetDetection] Applying wix-2025 preset @ https://static.parastorage.com/services/login-react-app/1.2722.0/app.bundle.min.js:52
[    3720ms] [LOG] [PresetDetection] Applying wix-2025 preset @ https://static.parastorage.com/services/login-react-app/1.2722.0/app.bundle.min.js:52
[    3721ms] [LOG] [DisplayStore] Final presetKey: wix-2025 @ https://static.parastorage.com/services/login-react-app/1.2722.0/app.bundle.min.js:52
[    3736ms] [WARNING] react-i18next:: It seems you are still using the old wait option, you may migrate to the new useSuspense behaviour. @ https://static.parastorage.com/services/login-react-app/1.2722.0/app.bundle.min.js:52
[    3758ms] [WARNING] An iframe which has both allow-scripts and allow-same-origin for its sandbox attribute can escape its sandboxing. @ https://apis.google.com/_/scs/abc-static/_/js/k=gapi.lb.en.ch0Jz-JlMrQ.O/m=auth2/rt=j/sv=1/d=1/ed=1/rs=AHpOoo_YD4KoV8fTh_kLhktsiThAm3yJ5A/cb=gapi.loaded_0?le=scs:191
[    3873ms] [LOG] TTD Realtime ID: TDID loaded. @ :0
[    4618ms] [INFO] Loading the script 'https://www.gstatic.com/_/mss/boq-identity/_/js/k=boq-identity.IdpIFrameHttp.en_US.PJdBGrPSa9U.2018.O/am=BCAADQ/d=1/rs=AOaEmlHqgYV480NNkkpShYTqCdfBFtsmag/m=base' violates the following Content Security Policy directive: "script-src 'unsafe-inline' 'unsafe-eval' blob: data:". Note that 'script-src-elem' was not explicitly set, so 'script-src' is used as a fallback. The policy is report-only, so the violation has been logged but no further action has been taken. @ https://accounts.google.com/o/oauth2/iframe#origin=https%3A%2F%2Fusers.wix.com&rpcToken=344235701.5592343&clearCache=1&supportBlocked3PCookies=1:0
[    4644ms] [WARNING] Your client application uses libraries for user authentication or authorization that are deprecated. See the [Migration Guide](https://developers.google.com/identity/gsi/web/guides/gis-migration) for more information. @ https://apis.google.com/_/scs/abc-static/_/js/k=gapi.lb.en.ch0Jz-JlMrQ.O/m=auth2/rt=j/sv=1/d=1/ed=1/rs=AHpOoo_YD4KoV8fTh_kLhktsiThAm3yJ5A/cb=gapi.loaded_0?le=scs:171
[    4811ms] [ERROR] Failed to load resource: the server responded with a status of 400 () @ https://accounts.google.com/_/IdpIFrameHttp/cspreport/fine-allowlist:0
[   30116ms] [ERROR] Failed to load resource: the server responded with a status of 404 () @ https://users.wix.com/authentication/v2/login/webauthn-challenge?loginId.email=alejandro.troncoso%40me.com:0
[   30120ms] [ERROR] [WebAuthn] Challenge API failed: Yhe: Request failed with status code 404
    at https://static.parastorage.com/services/login-react-app/1.2722.0/app.bundle.min.js:58:620477
    at tme.handleRequestError (https://static.parastorage.com/services/login-react-app/1.2722.0/app.bundle.min.js:58:620491)
    at tme.request (https://static.parastorage.com/services/login-react-app/1.2722.0/app.bundle.min.js:58:619111)
    at async fye.createWebAuthnChallenge (https://static.parastorage.com/services/login-react-app/1.2722.0/app.bundle.min.js:58:774427)
    at async fye.authenticateWithWebAuthn (https://static.parastorage.com/services/login-react-app/1.2722.0/app.bundle.min.js:58:775905)
    at async fye.loginWithPasskey (https://static.parastorage.com/services/login-react-app/1.2722.0/app.bundle.min.js:58:776930)
    at async ofe.handleEmailSubmit (https://static.parastorage.com/services/login-react-app/1.2722.0/app.bundle.min.js:58:687403) @ https://static.parastorage.com/services/login-react-app/1.2722.0/app.bundle.min.js:57
[   30248ms] [VERBOSE] [DOM] Password field is not contained in a form: (More info: https://goo.gl/9p2vKq) %o @ https://users.wix.com/signin/login?originUrl=https%3A%2F%2Fmanage.wix.com%2Fmy-account%2Fsites&postLogin=https%3A%2F%2Fmanage.wix.com%2Fmy-account%2Fsites&overrideLocale=en&forceRender=true:0
[   46091ms] [ERROR] Failed to load resource: the server responded with a status of 400 () @ https://users.wix.com/authentication/v2/login:0
[   85521ms] [ERROR] Failed to load resource: the server responded with a status of 404 () @ https://www.wix.com/website/builder/prefetch:0
[   85809ms] [ERROR] Failed to load resource: the server responded with a status of 403 () @ https://static.parastorage.com/services/sites-list/1.5027.0/app.bundle.min.js:0
[   86319ms] [ERROR] Failed to load resource: the server responded with a status of 403 () @ https://static.parastorage.com/services/business-manager/1.12494.0/app.bundle.min.js:0
[   86514ms] [ERROR] Failed to load resource: the server responded with a status of 403 () @ https://static.parastorage.com/services/business-manager/1.12494.0/app.min.css:0
[   89518ms] [WARNING] The resource https://static.parastorage.com/services/header-client/1.3427.0/header.bundle.min.js was preloaded using link preload but not used within a few seconds from the window's load event. Please make sure it has an appropriate `as` value and it is preloaded intentionally. @ https://manage.wix.com/account/sites?referralAdditionalInfo=Route:0
[   89518ms] [WARNING] The resource https://static.parastorage.com/services/header-client/1.3427.0/header.min.css was preloaded using link preload but not used within a few seconds from the window's load event. Please make sure it has an appropriate `as` value and it is preloaded intentionally. @ https://manage.wix.com/account/sites?referralAdditionalInfo=Route:0
[   94296ms] [ERROR] Failed to load resource: the server responded with a status of 404 () @ https://www.wix.com/website/builder/prefetch:0
[   95099ms] [ERROR] Failed to load resource: the server responded with a status of 403 () @ https://static.parastorage.com/services/sites-list/1.5027.0/app.bundle.min.js:0
[   95251ms] [ERROR] Failed to load resource: the server responded with a status of 403 () @ https://static.parastorage.com/services/business-manager/1.12494.0/app.bundle.min.js:0
[   95330ms] [ERROR] Failed to load resource: the server responded with a status of 403 () @ https://static.parastorage.com/services/business-manager/1.12494.0/app.min.css:0
[   98333ms] [WARNING] The resource https://static.parastorage.com/services/header-client/1.3427.0/header.bundle.min.js was preloaded using link preload but not used within a few seconds from the window's load event. Please make sure it has an appropriate `as` value and it is preloaded intentionally. @ https://manage.wix.com/account/sites?referralAdditionalInfo=Route:0
[   98333ms] [WARNING] The resource https://static.parastorage.com/services/header-client/1.3427.0/header.min.css was preloaded using link preload but not used within a few seconds from the window's load event. Please make sure it has an appropriate `as` value and it is preloaded intentionally. @ https://manage.wix.com/account/sites?referralAdditionalInfo=Route:0
[  102134ms] [ERROR] Failed to load resource: the server responded with a status of 404 () @ https://manage.wix.com/_api/wix-user-preferences-webapp/getVolatilePrefForKey/sites-list-client/studio-modal-was-shown:0
[  102401ms] [ERROR] Failed to load resource: the server responded with a status of 404 () @ https://manage.wix.com/_api/wix-user-preferences-webapp/getVolatilePrefForKey/sites-list-client/studio-modal-was-shown:0
[  102718ms] [ERROR] Failed to load resource: the server responded with a status of 404 () @ https://manage.wix.com/_api/wix-user-preferences-webapp/getVolatilePrefForKey/sites-list-client/studio-modal-was-shown:0
[  102809ms] [LOG] Duplexer connected @ https://static.parastorage.com/unpkg/@wix/sentry-browser@7.121.5/dist/statics/sentry-browser.umd.min.js:0
[  102923ms] [ERROR] Access to fetch at 'https://sentry.wixpress.com/api/4028/envelope/?sentry_key=794e2f8a4d8d41d6b4b75cad40c5af51&sentry_version=7&sentry_client=sentry.javascript.browser%2F7.120.3' from origin 'https://manage.wix.com' has been blocked by CORS policy: No 'Access-Control-Allow-Origin' header is present on the requested resource. @ https://manage.wix.com/account/websites?referralAdditionalInfo=Route:0
[  102923ms] [ERROR] Failed to load resource: net::ERR_FAILED @ https://sentry.wixpress.com/api/4028/envelope/?sentry_key=794e2f8a4d8d41d6b4b75cad40c5af51&sentry_version=7&sentry_client=sentry.javascript.browser%2F7.120.3:0
[  102985ms] [ERROR] Failed to load resource: the server responded with a status of 404 () @ https://manage.wix.com/_api/wix-user-preferences-webapp/getVolatilePrefForKey/sites-list-client/studio-modal-was-shown:0
[  103144ms] [WARNING] Error while loading message draft data from persistence Error: Key was not found in capsule @ https://static.parastorage.com/unpkg/@wix/sentry-browser@7.121.5/dist/statics/sentry-browser.umd.min.js:0
[  103471ms] [ERROR] Failed to load resource: the server responded with a status of 404 () @ https://manage.wix.com/marketplace-provider-state/v1/provider-states:0
[  107762ms] [WARNING] The resource https://static.parastorage.com/unpkg/react@18.3.1/umd/react.production.min.js was preloaded using link preload but not used within a few seconds from the window's load event. Please make sure it has an appropriate `as` value and it is preloaded intentionally. @ https://manage.wix.com/account/websites?referralAdditionalInfo=Route:0
[  107762ms] [WARNING] The resource https://static.parastorage.com/unpkg/react-dom@18.3.1/umd/react-dom.production.min.js was preloaded using link preload but not used within a few seconds from the window's load event. Please make sure it has an appropriate `as` value and it is preloaded intentionally. @ https://manage.wix.com/account/websites?referralAdditionalInfo=Route:0
